<?xml version="1.0" encoding="UTF-8"?>
<!-- Generated by org.testng.reporters.JUnitXMLReporter -->
<testsuite hostname="VIJI-PC" name="firefox" tests="1" failures="0" timestamp="24 Jun 2016 08:52:01 GMT" time="0.022" errors="0">
  <testcase name="@BeforeClass beforeTest" time="0.0" classname="testNg.MultiBrowsing">
    <failure type="org.testng.TestNGException" message="
Parameter &amp;apos;params&amp;apos; is required by @Configuration on method beforeTest but has not been marked @Optional or defined
in D:\TestingWorkspace\OnlineStrore\testngbrowsing.xml">
      <![CDATA[org.testng.TestNGException: 
Parameter 'params' is required by @Configuration on method beforeTest but has not been marked @Optional or defined
in D:\TestingWorkspace\OnlineStrore\testngbrowsing.xml
... Removed 21 stack frames]]>
    </failure>
  </testcase> <!-- @BeforeClass beforeTest -->
  <testcase name="@AfterClass afterClass" time="0.0" classname="testNg.MultiBrowsing">
    <skipped/>
  </testcase> <!-- @AfterClass afterClass -->
  <testcase name="Login" time="0.004" classname="testNg.MultiBrowsing">
    <skipped/>
  </testcase> <!-- Login -->
</testsuite> <!-- firefox -->
